VT: 
(, ), *, +, @, i, 
VN: 
A, B, E, F, T, 
noTerminal: E->TA
noTerminal: A->+TA|@
noTerminal: T->FB
noTerminal: B->*FB|@
noTerminal: F->(E)|i
FIRST(E)= {(,i,}
FIRST(A)= {+,@,}
FIRST(T)= {(,i,}
FIRST(B)= {*,@,}
FIRST(F)= {(,i,}
FOLLOW(E)= {#,),}
FOLLOW(A)= {#,),}
FOLLOW(T)= {#,),+,}
FOLLOW(B)= {#,),+,}
FOLLOW(F)= {#,),*,+,}
Parse Table:
	(	)	*	+	@	i
 E|	TA					TA
 A|		@		+TA		
 T|	FB					FB
 B|		@	*FB	@		
 F|	(E)					i
step	parseStack	indataStack	production
0	#E		i*(i+i)+i#		
1	#AT		i*(i+i)+i#		E->TA
2	#ABF		i*(i+i)+i#		T->FB
3	#ABi		i*(i+i)+i#		F->i
4	#AB		*(i+i)+i#		
5	#ABF*		*(i+i)+i#		B->*FB
6	#ABF		(i+i)+i#		
7	#AB)E(		(i+i)+i#		F->(E)
8	#AB)E		i+i)+i#		
9	#AB)AT		i+i)+i#		E->TA
10	#AB)ABF		i+i)+i#		T->FB
11	#AB)ABi		i+i)+i#		F->i
12	#AB)AB		+i)+i#		
13	#AB)A		+i)+i#		B->@
14	#AB)AT+		+i)+i#		A->+TA
15	#AB)AT		i)+i#		
16	#AB)ABF		i)+i#		T->FB
17	#AB)ABi		i)+i#		F->i
18	#AB)AB		)+i#		
19	#AB)A		)+i#		B->@
20	#AB)		)+i#		A->@
21	#AB		+i#		
22	#A		+i#		B->@
23	#AT+		+i#		A->+TA
24	#AT		i#		
25	#ABF		i#		T->FB
26	#ABi		i#		F->i
27	#AB		#		
28	#A		#		B->@
29	#		#		A->@
Parse Success!
