{"word": "void", "tuple": [1, 23], "type": "KEY", "pos": [1, 1]}
, {"word": "fun", "tuple": [6, 1], "type": "ID", "pos": [1, 6]}
, {"word": "(", "tuple": [2, 2], "type": "DELIMITER", "pos": [1, 9]}
, {"word": ")", "tuple": [2, 3], "type": "DELIMITER", "pos": [1, 10]}
, {"word": "{", "tuple": [2, 6], "type": "DELIMITER", "pos": [1, 12]}
, {"word": "int", "tuple": [1, 2], "type": "KEY", "pos": [2, 2]}
, {"word": "a", "tuple": [6, 2], "type": "ID", "pos": [2, 6]}
, {"word": "=", "tuple": [4, 21], "type": "RELATIONOPTR", "pos": [2, 8]}
, {"word": "20", "tuple": [5, 1], "type": "NUMBER", "pos": [2, 10]}
, {"word": ";", "tuple": [2, 1], "type": "DELIMITER", "pos": [2, 12]}
, {"word": "int", "tuple": [1, 2], "type": "KEY", "pos": [3, 2]}
, {"word": "b", "tuple": [6, 3], "type": "ID", "pos": [3, 6]}
, {"word": "=", "tuple": [4, 21], "type": "RELATIONOPTR", "pos": [3, 7]}
, {"word": "30", "tuple": [5, 2], "type": "NUMBER", "pos": [3, 8]}
, {"word": ";", "tuple": [2, 1], "type": "DELIMITER", "pos": [3, 10]}
, {"word": "int", "tuple": [1, 2], "type": "KEY", "pos": [4, 2]}
, {"word": "n", "tuple": [6, 4], "type": "ID", "pos": [4, 6]}
, {"word": "=", "tuple": [4, 21], "type": "RELATIONOPTR", "pos": [4, 8]}
, {"word": "a", "tuple": [6, 2], "type": "ID", "pos": [4, 10]}
, {"word": "*", "tuple": [3, 10], "type": "ARITHMETICOPTR", "pos": [4, 11]}
, {"word": "b", "tuple": [6, 3], "type": "ID", "pos": [4, 12]}
, {"word": ";", "tuple": [2, 1], "type": "DELIMITER", "pos": [4, 13]}
, {"word": "for", "tuple": [1, 21], "type": "KEY", "pos": [5, 2]}
, {"word": "(", "tuple": [2, 2], "type": "DELIMITER", "pos": [5, 5]}
, {"word": "int", "tuple": [1, 2], "type": "KEY", "pos": [5, 6]}
, {"word": "i", "tuple": [6, 5], "type": "ID", "pos": [5, 10]}
, {"word": "=", "tuple": [4, 21], "type": "RELATIONOPTR", "pos": [5, 11]}
, {"word": "0", "tuple": [5, 3], "type": "NUMBER", "pos": [5, 12]}
, {"word": ";", "tuple": [2, 1], "type": "DELIMITER", "pos": [5, 13]}
, {"word": "i", "tuple": [6, 5], "type": "ID", "pos": [5, 15]}
, {"word": "<", "tuple": [4, 17], "type": "RELATIONOPTR", "pos": [5, 16]}
, {"word": "n", "tuple": [6, 4], "type": "ID", "pos": [5, 17]}
, {"word": ";", "tuple": [2, 1], "type": "DELIMITER", "pos": [5, 18]}
, {"word": "++", "tuple": [3, 13], "type": "ARITHMETICOPTR", "pos": [5, 20]}
, {"word": "i", "tuple": [6, 5], "type": "ID", "pos": [5, 22]}
, {"word": ")", "tuple": [2, 3], "type": "DELIMITER", "pos": [5, 23]}
, {"word": "{", "tuple": [2, 6], "type": "DELIMITER", "pos": [5, 25]}
, {"word": "if", "tuple": [1, 29], "type": "KEY", "pos": [6, 3]}
, {"word": "(", "tuple": [2, 2], "type": "DELIMITER", "pos": [6, 5]}
, {"word": "i", "tuple": [6, 5], "type": "ID", "pos": [6, 6]}
, {"word": "%", "tuple": [3, 12], "type": "ARITHMETICOPTR", "pos": [6, 7]}
, {"word": "30", "tuple": [5, 2], "type": "NUMBER", "pos": [6, 8]}
, {"word": "==", "tuple": [4, 19], "type": "RELATIONOPTR", "pos": [6, 11]}
, {"word": "0", "tuple": [5, 3], "type": "NUMBER", "pos": [6, 14]}
, {"word": ")", "tuple": [2, 3], "type": "DELIMITER", "pos": [6, 15]}
, {"word": "break", "tuple": [1, 4], "type": "KEY", "pos": [6, 17]}
, {"word": ";", "tuple": [2, 1], "type": "DELIMITER", "pos": [6, 22]}
, {"word": "else", "tuple": [1, 5], "type": "KEY", "pos": [7, 3]}
, {"word": "continue", "tuple": [1, 20], "type": "KEY", "pos": [7, 8]}
, {"word": ";", "tuple": [2, 1], "type": "DELIMITER", "pos": [7, 16]}
, {"word": "}", "tuple": [2, 7], "type": "DELIMITER", "pos": [8, 2]}
, {"word": "}", "tuple": [2, 7], "type": "DELIMITER", "pos": [9, 1]}
